2024-11-08T19:07:49.489Z 0: 

----------------------------------------------
2024-11-08T19:07:50.273Z 1: Discord starting: {"releaseChannel":"stable","version":"0.0.58"}, modulepath: /home/tibor/.config/discord/0.0.58/modules
2024-11-08T19:07:50.454Z 2: ✅ webContents.created web1 ""
2024-11-08T19:07:50.594Z 3: ✅ window.created win1 "discord"
2024-11-08T19:07:53.667Z 4: window.close win1
2024-11-09T07:20:53.121Z 0: 

----------------------------------------------
2024-11-09T07:20:53.553Z 1: Discord starting: {"releaseChannel":"stable","version":"0.0.58"}, modulepath: /home/tibor/.config/discord/0.0.58/modules
2024-11-09T07:20:53.684Z 2: ✅ webContents.created web1 ""
2024-11-09T07:20:53.784Z 3: ✅ window.created win1 "discord"
2024-11-09T07:20:57.369Z 4: ✅ webContents.did-finish-load web1
2024-11-09T07:21:30.520Z 5: ✅ webContents.created web2 ""
2024-11-09T07:21:30.836Z 6: ✅ window.created win2 "Discord"
2024-11-09T07:21:38.630Z 7: ✅ webContents.did-finish-load web2
2024-11-09T07:21:38.734Z 8: window.close win1
2024-11-09T07:21:38.858Z 9: webContents.destroyed web1
2024-11-09T07:21:38.916Z 10: window.closed win1
2024-11-09T07:46:55.247Z 11: window.close win2
2024-11-09T07:47:02.950Z 0: 

----------------------------------------------
2024-11-09T07:47:22.938Z 0: 

----------------------------------------------
2024-11-09T07:47:25.206Z 12: window.close win2
2025-08-24T20:54:03.102Z 0: 

----------------------------------------------
2025-08-24T20:54:03.454Z 1: Discord starting: {"releaseChannel":"stable","version":"0.0.58"}, modulepath: /home/tibor/.config/discord/0.0.58/modules
2025-08-24T20:54:03.885Z 2: ✅ webContents.created web1 ""
2025-08-24T20:54:04.019Z 3: ✅ window.created win1 "discord"
2025-08-24T20:54:07.059Z 4: ✅ webContents.did-finish-load web1
2025-08-24T20:54:09.671Z 5: ✅ webContents.created web2 ""
2025-08-24T20:54:09.922Z 6: ✅ window.created win2 "Discord"
2025-08-24T20:54:17.048Z 7: window.close win2
2025-08-24T20:54:18.112Z 8: window.close win1
2025-08-24T20:54:18.287Z 9: webContents.destroyed web1
2025-08-24T20:54:18.524Z 10: window.closed win1
2025-08-24T20:54:21.019Z 11: ✅ webContents.did-finish-load web2
2025-08-24T20:54:23.817Z 12: window.close win2
2025-08-24T22:29:18.564Z 13: before-quit
2025-08-25T21:59:02.914Z 0: 

----------------------------------------------
2025-08-25T21:59:03.275Z 1: Discord starting: {"releaseChannel":"stable","version":"0.0.58"}, modulepath: /home/tibor/.config/discord/0.0.58/modules
2025-08-25T21:59:03.545Z 2: ✅ webContents.created web1 ""
2025-08-25T21:59:03.773Z 3: ✅ window.created win1 "discord"
2025-08-25T21:59:06.956Z 4: ✅ webContents.did-finish-load web1
2025-08-25T21:59:09.043Z 5: ✅ webContents.created web2 ""
2025-08-25T21:59:09.212Z 6: ✅ window.created win2 "Discord"
2025-08-25T21:59:15.773Z 7: ✅ webContents.did-finish-load web2
2025-08-25T21:59:16.247Z 8: window.close win1
2025-08-25T21:59:17.205Z 9: webContents.destroyed web1
2025-08-25T21:59:17.321Z 10: window.closed win1
2025-08-25T22:01:10.750Z 11: before-quit
2025-08-25T22:02:22.833Z 0: 

----------------------------------------------
2025-08-25T22:02:23.553Z 1: Discord starting: {"releaseChannel":"stable","version":"0.0.58"}, modulepath: /home/tibor/.config/discord/0.0.58/modules
2025-08-25T22:02:23.676Z 2: ✅ webContents.created web1 "Discord Updater"
2025-08-25T22:02:24.726Z 3: ✅ window.created win1 "Discord Updater"
2025-08-25T22:02:25.159Z 4: ✅ webContents.created web2 ""
2025-08-25T22:02:25.213Z 5: ✅ window.created win2 "Discord"
2025-08-25T22:02:25.263Z 6: ✅ webContents.did-finish-load web1
2025-08-25T22:02:32.700Z 7: ✅ webContents.did-finish-load web2
2025-08-25T22:02:33.099Z 8: window.close win1
2025-08-25T22:02:33.248Z 9: webContents.destroyed web1
2025-08-25T22:02:33.342Z 10: window.closed win1
2025-08-25T22:02:33.906Z 11: window.close win2
2025-08-25T22:04:19.698Z 0: 

----------------------------------------------
2025-08-25T22:22:22.858Z 12: window.close win2
2025-08-25T22:27:19.442Z 13: before-quit
2025-08-26T11:22:29.833Z 0: 

----------------------------------------------
2025-08-26T11:22:30.364Z 1: Discord starting: {"releaseChannel":"stable","version":"0.0.58"}, modulepath: /home/tibor/.config/discord/0.0.58/modules
2025-08-26T11:22:30.646Z 2: ✅ webContents.created web1 ""
2025-08-26T11:22:31.217Z 3: ✅ window.created win1 "discord"
2025-08-26T11:22:37.451Z 4: ✅ webContents.did-finish-load web1
2025-08-26T11:22:42.924Z 0: 

----------------------------------------------
2025-08-26T11:22:43.235Z 1: Discord starting: {"releaseChannel":"stable","version":"0.0.58"}, modulepath: /home/tibor/.config/discord/0.0.58/modules
2025-08-26T11:22:45.932Z 5: ✅ webContents.created web2 ""
2025-08-26T11:22:46.716Z 6: ✅ window.created win2 "Discord"
2025-08-26T11:22:48.325Z 0: 

----------------------------------------------
2025-08-26T11:22:48.686Z 1: Discord starting: {"releaseChannel":"stable","version":"0.0.58"}, modulepath: /home/tibor/.config/discord/0.0.58/modules
2025-08-26T11:22:49.153Z 0: 

----------------------------------------------
2025-08-26T11:22:49.727Z 1: Discord starting: {"releaseChannel":"stable","version":"0.0.58"}, modulepath: /home/tibor/.config/discord/0.0.58/modules
2025-08-26T11:22:52.203Z 0: 

----------------------------------------------
2025-08-26T11:22:52.469Z 1: Discord starting: {"releaseChannel":"stable","version":"0.0.58"}, modulepath: /home/tibor/.config/discord/0.0.58/modules
2025-08-26T11:22:52.545Z 0: 

----------------------------------------------
2025-08-26T11:22:52.658Z 1: Discord starting: {"releaseChannel":"stable","version":"0.0.58"}, modulepath: /home/tibor/.config/discord/0.0.58/modules
2025-08-26T11:23:08.816Z 7: ✅ webContents.did-finish-load web2
2025-08-26T11:23:09.216Z 8: window.close win1
2025-08-26T11:23:09.581Z 9: webContents.destroyed web1
2025-08-26T11:23:09.898Z 10: window.closed win1
2025-08-26T11:23:24.646Z 11: ❌ webContents.nresponsive web2
2025-08-26T11:24:31.045Z 12: ❌ webContents.nresponsive web2
2025-08-26T11:25:48.213Z 13: window.close win2
2025-08-26T19:17:40.768Z 0: 

----------------------------------------------
2025-08-26T19:17:41.562Z 1: Discord starting: {"releaseChannel":"stable","version":"0.0.58"}, modulepath: /home/tibor/.config/discord/0.0.58/modules
2025-08-26T19:17:41.762Z 2: ✅ webContents.created web1 ""
2025-08-26T19:17:42.075Z 3: ✅ window.created win1 "discord"
2025-08-26T19:17:46.631Z 4: ✅ webContents.did-finish-load web1
2025-08-26T19:17:49.663Z 5: ✅ webContents.created web2 ""
2025-08-26T19:17:50.220Z 6: ✅ window.created win2 "Discord"
2025-08-26T19:17:57.119Z 7: ✅ webContents.did-finish-load web2
2025-08-26T19:17:57.323Z 8: window.close win1
2025-08-26T19:17:57.552Z 9: webContents.destroyed web1
2025-08-26T19:17:57.658Z 10: window.closed win1
2025-08-26T19:24:42.338Z 11: window.close win2
2025-08-27T04:09:58.994Z 12: ❌ render-process-gone { reason: 'crashed', exitCode: 139 }
2025-08-27T04:10:00.635Z 13: window.closed win2
2025-08-27T04:10:01.539Z 14: ✅ webContents.created web3 ""
2025-08-27T04:10:02.404Z 15: ✅ window.created win3 "Discord"
2025-08-27T04:10:02.652Z 16: webContents.destroyed web2
2025-08-27T04:11:08.102Z 17: ❌ webContents.nresponsive web3
2025-08-27T04:11:52.935Z 18: ❌ webContents.nresponsive web3
2025-08-27T04:12:37.682Z 19: ❌ webContents.nresponsive web3
2025-08-27T04:20:29.379Z 20: ✅ webContents.did-finish-load web3
2025-08-27T08:42:22.322Z 21: window.close win3
2025-08-27T10:20:50.121Z 22: before-quit
2025-09-02T02:27:55.089Z 0: 

----------------------------------------------
2025-09-02T02:27:55.479Z 1: Discord starting: {"releaseChannel":"stable","version":"0.0.58"}, modulepath: /home/tibor/.config/discord/0.0.58/modules
2025-09-02T02:27:55.638Z 2: ✅ webContents.created web1 ""
2025-09-02T02:27:56.355Z 3: ✅ window.created win1 "discord"
2025-09-02T02:28:00.481Z 4: ✅ webContents.did-finish-load web1
2025-09-02T02:28:03.078Z 5: ✅ webContents.created web2 ""
2025-09-02T02:28:03.310Z 6: ✅ window.created win2 "Discord"
2025-09-02T02:28:09.128Z 7: window.close win2
2025-09-02T02:28:09.974Z 8: window.close win1
2025-09-02T02:28:10.048Z 9: webContents.destroyed web1
2025-09-02T02:28:10.142Z 10: window.closed win1
2025-09-02T02:28:12.874Z 11: ✅ webContents.did-finish-load web2
2025-09-02T02:29:03.606Z 12: window.close win2
2025-09-02T03:33:26.779Z 0: 

----------------------------------------------
2025-09-02T03:33:27.448Z 1: Discord starting: {"releaseChannel":"stable","version":"0.0.58"}, modulepath: /home/tibor/.config/discord/0.0.58/modules
2025-09-02T03:33:27.629Z 2: ✅ webContents.created web1 ""
2025-09-02T03:33:27.854Z 3: ✅ window.created win1 "discord"
2025-09-02T03:33:32.739Z 4: ✅ webContents.did-finish-load web1
2025-09-02T03:33:33.317Z 5: window.close win1
2025-09-02T12:18:12.640Z 0: 

----------------------------------------------
2025-09-02T12:18:13.177Z 1: Discord starting: {"releaseChannel":"stable","version":"0.0.58"}, modulepath: /home/tibor/.config/discord/0.0.58/modules
2025-09-02T12:18:13.501Z 2: ✅ webContents.created web1 ""
2025-09-02T12:18:13.680Z 3: ✅ window.created win1 "discord"
2025-09-02T12:18:24.044Z 4: ✅ webContents.did-finish-load web1
2025-09-02T12:18:25.276Z 5: ✅ webContents.created web2 ""
2025-09-02T12:18:25.608Z 6: ✅ window.created win2 "Discord"
2025-09-02T12:18:30.188Z 7: ✅ webContents.did-finish-load web2
2025-09-02T12:18:30.391Z 8: window.close win1
2025-09-02T12:18:30.775Z 9: webContents.destroyed web1
2025-09-02T12:18:30.914Z 10: window.closed win1
2025-09-02T12:18:49.850Z 11: window.close win2
2025-09-02T12:57:46.096Z 12: window.close win2
2025-09-02T18:38:21.894Z 0: 

----------------------------------------------
2025-09-02T18:38:21.896Z 0: 

----------------------------------------------
2025-09-02T18:38:22.390Z 1: Discord starting: {"releaseChannel":"stable","version":"0.0.58"}, modulepath: /home/tibor/.config/discord/0.0.58/modules
2025-09-02T18:38:22.396Z 1: Discord starting: {"releaseChannel":"stable","version":"0.0.58"}, modulepath: /home/tibor/.config/discord/0.0.58/modules
2025-09-02T18:38:22.690Z 2: ✅ webContents.created web1 ""
2025-09-02T18:38:22.699Z 2: ✅ webContents.created web1 ""
2025-09-02T18:38:22.876Z 3: ✅ window.created win1 "discord"
2025-09-02T18:38:22.914Z 3: ✅ window.created win1 "discord"
2025-09-02T18:38:35.706Z 4: ✅ webContents.did-finish-load web1
2025-09-02T18:38:35.726Z 4: ✅ webContents.did-finish-load web1
2025-09-02T18:38:40.275Z 5: ✅ webContents.created web2 ""
2025-09-02T18:38:40.576Z 6: ✅ window.created win2 "Discord"
2025-09-02T18:38:43.286Z 5: ✅ webContents.created web2 ""
2025-09-02T18:38:43.543Z 6: ✅ window.created win2 "Discord"
2025-09-02T18:38:59.501Z 7: ✅ webContents.did-finish-load web2
2025-09-02T18:38:59.988Z 8: window.close win1
2025-09-02T18:39:00.320Z 7: ✅ webContents.did-finish-load web2
2025-09-02T18:39:00.333Z 9: webContents.destroyed web1
2025-09-02T18:39:00.567Z 10: window.closed win1
2025-09-02T18:39:00.666Z 8: window.close win1
2025-09-02T18:39:01.482Z 9: webContents.destroyed web1
2025-09-02T18:39:01.756Z 11: window.close win2
2025-09-02T18:39:01.867Z 10: window.closed win1
2025-09-02T18:39:02.582Z 11: window.close win2
2025-09-02T18:39:37.608Z 12: window.close win2
2025-09-17T15:12:22.120Z 13: ❌ webContents.nresponsive web2
